[0.584s] Invoking command in '/home/tsaqip/ros2_ws/src/Arm_Kinematics': PYTHONPATH=/home/tsaqip/ros2_ws/src/Arm_Kinematics/build/Arm_Kinematics/prefix_override:/usr/lib/python3/dist-packages/colcon_core/task/python/colcon_distutils_commands:/home/tsaqip/ros2_ws/src/Arm_Kinematics/install/Arm_Kinematics/lib/python3.10/site-packages:${PYTHONPATH} /usr/bin/python3 -W ignore:setup.py install is deprecated -W ignore:easy_install command is deprecated setup.py egg_info --egg-base build/Arm_Kinematics build --build-base /home/tsaqip/ros2_ws/src/Arm_Kinematics/build/Arm_Kinematics/build install --record /home/tsaqip/ros2_ws/src/Arm_Kinematics/build/Arm_Kinematics/install.log --single-version-externally-managed install_data
[0.770s] running egg_info
[0.771s] creating build/Arm_Kinematics/Arm_Kinematics.egg-info
[0.771s] writing build/Arm_Kinematics/Arm_Kinematics.egg-info/PKG-INFO
[0.771s] writing dependency_links to build/Arm_Kinematics/Arm_Kinematics.egg-info/dependency_links.txt
[0.771s] writing entry points to build/Arm_Kinematics/Arm_Kinematics.egg-info/entry_points.txt
[0.771s] writing requirements to build/Arm_Kinematics/Arm_Kinematics.egg-info/requires.txt
[0.771s] writing top-level names to build/Arm_Kinematics/Arm_Kinematics.egg-info/top_level.txt
[0.772s] writing manifest file 'build/Arm_Kinematics/Arm_Kinematics.egg-info/SOURCES.txt'
[0.773s] reading manifest file 'build/Arm_Kinematics/Arm_Kinematics.egg-info/SOURCES.txt'
[0.773s] adding license file 'LICENSE'
[0.773s] writing manifest file 'build/Arm_Kinematics/Arm_Kinematics.egg-info/SOURCES.txt'
[0.773s] running build
[0.773s] running build_py
[0.773s] creating /home/tsaqip/ros2_ws/src/Arm_Kinematics/build/Arm_Kinematics/build
[0.773s] creating /home/tsaqip/ros2_ws/src/Arm_Kinematics/build/Arm_Kinematics/build/lib
[0.773s] creating /home/tsaqip/ros2_ws/src/Arm_Kinematics/build/Arm_Kinematics/build/lib/Arm_Kinematics
[0.773s] copying Arm_Kinematics/__init__.py -> /home/tsaqip/ros2_ws/src/Arm_Kinematics/build/Arm_Kinematics/build/lib/Arm_Kinematics
[0.774s] running install
[0.774s] running install_lib
[0.774s] creating /home/tsaqip/ros2_ws/src/Arm_Kinematics/install/Arm_Kinematics/lib/python3.10/site-packages/Arm_Kinematics
[0.774s] copying /home/tsaqip/ros2_ws/src/Arm_Kinematics/build/Arm_Kinematics/build/lib/Arm_Kinematics/__init__.py -> /home/tsaqip/ros2_ws/src/Arm_Kinematics/install/Arm_Kinematics/lib/python3.10/site-packages/Arm_Kinematics
[0.775s] byte-compiling /home/tsaqip/ros2_ws/src/Arm_Kinematics/install/Arm_Kinematics/lib/python3.10/site-packages/Arm_Kinematics/__init__.py to __init__.cpython-310.pyc
[0.775s] running install_data
[0.775s] creating /home/tsaqip/ros2_ws/src/Arm_Kinematics/install/Arm_Kinematics/share/ament_index
[0.775s] creating /home/tsaqip/ros2_ws/src/Arm_Kinematics/install/Arm_Kinematics/share/ament_index/resource_index
[0.775s] creating /home/tsaqip/ros2_ws/src/Arm_Kinematics/install/Arm_Kinematics/share/ament_index/resource_index/packages
[0.775s] copying resource/Arm_Kinematics -> /home/tsaqip/ros2_ws/src/Arm_Kinematics/install/Arm_Kinematics/share/ament_index/resource_index/packages
[0.775s] copying package.xml -> /home/tsaqip/ros2_ws/src/Arm_Kinematics/install/Arm_Kinematics/share/Arm_Kinematics
[0.775s] creating /home/tsaqip/ros2_ws/src/Arm_Kinematics/install/Arm_Kinematics/share/Arm_Kinematics/urdf
[0.775s] copying urdf/arm.urdf -> /home/tsaqip/ros2_ws/src/Arm_Kinematics/install/Arm_Kinematics/share/Arm_Kinematics/urdf
[0.775s] creating /home/tsaqip/ros2_ws/src/Arm_Kinematics/install/Arm_Kinematics/share/Arm_Kinematics/launch
[0.775s] copying launch/display.launch.py -> /home/tsaqip/ros2_ws/src/Arm_Kinematics/install/Arm_Kinematics/share/Arm_Kinematics/launch
[0.776s] creating /home/tsaqip/ros2_ws/src/Arm_Kinematics/install/Arm_Kinematics/share/Arm_Kinematics/config
[0.776s] copying config/rviz_config.rviz -> /home/tsaqip/ros2_ws/src/Arm_Kinematics/install/Arm_Kinematics/share/Arm_Kinematics/config
[0.776s] running install_egg_info
[0.777s] Copying build/Arm_Kinematics/Arm_Kinematics.egg-info to /home/tsaqip/ros2_ws/src/Arm_Kinematics/install/Arm_Kinematics/lib/python3.10/site-packages/Arm_Kinematics-0.0.0-py3.10.egg-info
[0.777s] running install_scripts
[0.791s] writing list of installed files to '/home/tsaqip/ros2_ws/src/Arm_Kinematics/build/Arm_Kinematics/install.log'
[0.808s] Invoked command in '/home/tsaqip/ros2_ws/src/Arm_Kinematics' returned '0': PYTHONPATH=/home/tsaqip/ros2_ws/src/Arm_Kinematics/build/Arm_Kinematics/prefix_override:/usr/lib/python3/dist-packages/colcon_core/task/python/colcon_distutils_commands:/home/tsaqip/ros2_ws/src/Arm_Kinematics/install/Arm_Kinematics/lib/python3.10/site-packages:${PYTHONPATH} /usr/bin/python3 -W ignore:setup.py install is deprecated -W ignore:easy_install command is deprecated setup.py egg_info --egg-base build/Arm_Kinematics build --build-base /home/tsaqip/ros2_ws/src/Arm_Kinematics/build/Arm_Kinematics/build install --record /home/tsaqip/ros2_ws/src/Arm_Kinematics/build/Arm_Kinematics/install.log --single-version-externally-managed install_data
