[0.097s] DEBUG:colcon:Command line arguments: ['/usr/bin/colcon', 'build']
[0.097s] DEBUG:colcon:Parsed command line arguments: Namespace(log_base=None, log_level=None, verb_name='build', build_base='build', install_base='install', merge_install=False, symlink_install=False, test_result_base=None, continue_on_error=False, executor='parallel', parallel_workers=16, event_handlers=None, ignore_user_meta=False, metas=['./colcon.meta'], base_paths=['.'], packages_ignore=None, packages_ignore_regex=None, paths=None, packages_up_to=None, packages_up_to_regex=None, packages_above=None, packages_above_and_dependencies=None, packages_above_depth=None, packages_select_by_dep=None, packages_skip_by_dep=None, packages_skip_up_to=None, packages_select_build_failed=False, packages_skip_build_finished=False, packages_select_test_failures=False, packages_skip_test_passed=False, packages_select=None, packages_skip=None, packages_select_regex=None, packages_skip_regex=None, packages_start=None, packages_end=None, allow_overriding=[], cmake_args=None, cmake_target=None, cmake_target_skip_unavailable=False, cmake_clean_cache=False, cmake_clean_first=False, cmake_force_configure=False, ament_cmake_args=None, catkin_cmake_args=None, catkin_skip_building_tests=False, mixin_files=None, mixin=None, verb_parser=<colcon_mixin.mixin.mixin_argument.MixinArgumentDecorator object at 0x7bdae7d53a60>, verb_extension=<colcon_core.verb.build.BuildVerb object at 0x7bdae7d53070>, main=<bound method BuildVerb.main of <colcon_core.verb.build.BuildVerb object at 0x7bdae7d53070>>, mixin_verb=('build',))
[0.219s] Level 1:colcon.colcon_core.package_discovery:discover_packages(colcon_meta) check parameters
[0.219s] Level 1:colcon.colcon_core.package_discovery:discover_packages(recursive) check parameters
[0.220s] Level 1:colcon.colcon_core.package_discovery:discover_packages(ignore) check parameters
[0.220s] Level 1:colcon.colcon_core.package_discovery:discover_packages(path) check parameters
[0.220s] Level 1:colcon.colcon_core.package_discovery:discover_packages(colcon_meta) discover
[0.220s] Level 1:colcon.colcon_core.package_discovery:discover_packages(recursive) discover
[0.220s] INFO:colcon.colcon_core.package_discovery:Crawling recursively for packages in '/home/tsaqip/ros2_ws/src/Arm_Kinematics'
[0.220s] Level 1:colcon.colcon_core.package_identification:_identify(.) by extensions ['ignore', 'ignore_ament_install']
[0.220s] Level 1:colcon.colcon_core.package_identification:_identify(.) by extension 'ignore'
[0.220s] Level 1:colcon.colcon_core.package_identification:_identify(.) by extension 'ignore_ament_install'
[0.220s] Level 1:colcon.colcon_core.package_identification:_identify(.) by extensions ['colcon_pkg']
[0.220s] Level 1:colcon.colcon_core.package_identification:_identify(.) by extension 'colcon_pkg'
[0.220s] Level 1:colcon.colcon_core.package_identification:_identify(.) by extensions ['colcon_meta']
[0.220s] Level 1:colcon.colcon_core.package_identification:_identify(.) by extension 'colcon_meta'
[0.220s] Level 1:colcon.colcon_core.package_identification:_identify(.) by extensions ['ros']
[0.220s] Level 1:colcon.colcon_core.package_identification:_identify(.) by extension 'ros'
[0.244s] DEBUG:colcon.colcon_core.package_identification:Package '.' with type 'ros.ament_python' and name 'Arm_Kinematics'
[0.244s] Level 1:colcon.colcon_core.package_discovery:discover_packages(recursive) using defaults
[0.244s] Level 1:colcon.colcon_core.package_discovery:discover_packages(ignore) discover
[0.244s] Level 1:colcon.colcon_core.package_discovery:discover_packages(ignore) using defaults
[0.244s] Level 1:colcon.colcon_core.package_discovery:discover_packages(path) discover
[0.244s] Level 1:colcon.colcon_core.package_discovery:discover_packages(path) using defaults
[0.266s] Level 1:colcon.colcon_core.package_discovery:discover_packages(prefix_path) check parameters
[0.266s] Level 1:colcon.colcon_core.package_discovery:discover_packages(prefix_path) discover
[0.269s] DEBUG:colcon.colcon_installed_package_information.package_discovery:Found 323 installed packages in /opt/ros/humble
[0.270s] Level 1:colcon.colcon_core.package_discovery:discover_packages(prefix_path) using defaults
[0.298s] Level 5:colcon.colcon_core.verb:set package 'Arm_Kinematics' build argument 'cmake_args' from command line to 'None'
[0.298s] Level 5:colcon.colcon_core.verb:set package 'Arm_Kinematics' build argument 'cmake_target' from command line to 'None'
[0.298s] Level 5:colcon.colcon_core.verb:set package 'Arm_Kinematics' build argument 'cmake_target_skip_unavailable' from command line to 'False'
[0.298s] Level 5:colcon.colcon_core.verb:set package 'Arm_Kinematics' build argument 'cmake_clean_cache' from command line to 'False'
[0.298s] Level 5:colcon.colcon_core.verb:set package 'Arm_Kinematics' build argument 'cmake_clean_first' from command line to 'False'
[0.298s] Level 5:colcon.colcon_core.verb:set package 'Arm_Kinematics' build argument 'cmake_force_configure' from command line to 'False'
[0.298s] Level 5:colcon.colcon_core.verb:set package 'Arm_Kinematics' build argument 'ament_cmake_args' from command line to 'None'
[0.298s] Level 5:colcon.colcon_core.verb:set package 'Arm_Kinematics' build argument 'catkin_cmake_args' from command line to 'None'
[0.298s] Level 5:colcon.colcon_core.verb:set package 'Arm_Kinematics' build argument 'catkin_skip_building_tests' from command line to 'False'
[0.298s] DEBUG:colcon.colcon_core.verb:Building package 'Arm_Kinematics' with the following arguments: {'ament_cmake_args': None, 'build_base': '/home/tsaqip/ros2_ws/src/Arm_Kinematics/build/Arm_Kinematics', 'catkin_cmake_args': None, 'catkin_skip_building_tests': False, 'cmake_args': None, 'cmake_clean_cache': False, 'cmake_clean_first': False, 'cmake_force_configure': False, 'cmake_target': None, 'cmake_target_skip_unavailable': False, 'install_base': '/home/tsaqip/ros2_ws/src/Arm_Kinematics/install/Arm_Kinematics', 'merge_install': False, 'path': '/home/tsaqip/ros2_ws/src/Arm_Kinematics', 'symlink_install': False, 'test_result_base': None}
[0.299s] INFO:colcon.colcon_core.executor:Executing jobs using 'parallel' executor
[0.299s] DEBUG:colcon.colcon_parallel_executor.executor.parallel:run_until_complete
[0.300s] INFO:colcon.colcon_ros.task.ament_python.build:Building ROS package in '/home/tsaqip/ros2_ws/src/Arm_Kinematics' with build type 'ament_python'
[0.300s] Level 1:colcon.colcon_core.shell:create_environment_hook('Arm_Kinematics', 'ament_prefix_path')
[0.302s] INFO:colcon.colcon_core.plugin_system:Skipping extension 'colcon_core.shell.bat': Not used on non-Windows systems
[0.302s] INFO:colcon.colcon_core.shell:Creating environment hook '/home/tsaqip/ros2_ws/src/Arm_Kinematics/install/Arm_Kinematics/share/Arm_Kinematics/hook/ament_prefix_path.ps1'
[0.303s] INFO:colcon.colcon_core.shell:Creating environment descriptor '/home/tsaqip/ros2_ws/src/Arm_Kinematics/install/Arm_Kinematics/share/Arm_Kinematics/hook/ament_prefix_path.dsv'
[0.303s] INFO:colcon.colcon_core.shell:Creating environment hook '/home/tsaqip/ros2_ws/src/Arm_Kinematics/install/Arm_Kinematics/share/Arm_Kinematics/hook/ament_prefix_path.sh'
[0.304s] INFO:colcon.colcon_core.shell:Skip shell extension 'powershell' for command environment: Not usable outside of PowerShell
[0.304s] DEBUG:colcon.colcon_core.shell:Skip shell extension 'dsv' for command environment
[0.503s] INFO:colcon.colcon_core.task.python.build:Building Python package in '/home/tsaqip/ros2_ws/src/Arm_Kinematics'
[0.503s] INFO:colcon.colcon_core.shell:Skip shell extension 'powershell' for command environment: Not usable outside of PowerShell
[0.503s] DEBUG:colcon.colcon_core.shell:Skip shell extension 'dsv' for command environment
[0.884s] DEBUG:colcon.colcon_core.event_handler.log_command:Invoking command in '/home/tsaqip/ros2_ws/src/Arm_Kinematics': PYTHONPATH=/home/tsaqip/ros2_ws/src/Arm_Kinematics/build/Arm_Kinematics/prefix_override:/usr/lib/python3/dist-packages/colcon_core/task/python/colcon_distutils_commands:/home/tsaqip/ros2_ws/src/Arm_Kinematics/install/Arm_Kinematics/lib/python3.10/site-packages:${PYTHONPATH} /usr/bin/python3 -W ignore:setup.py install is deprecated -W ignore:easy_install command is deprecated setup.py egg_info --egg-base build/Arm_Kinematics build --build-base /home/tsaqip/ros2_ws/src/Arm_Kinematics/build/Arm_Kinematics/build install --record /home/tsaqip/ros2_ws/src/Arm_Kinematics/build/Arm_Kinematics/install.log --single-version-externally-managed install_data
[1.108s] DEBUG:colcon.colcon_core.event_handler.log_command:Invoked command in '/home/tsaqip/ros2_ws/src/Arm_Kinematics' returned '0': PYTHONPATH=/home/tsaqip/ros2_ws/src/Arm_Kinematics/build/Arm_Kinematics/prefix_override:/usr/lib/python3/dist-packages/colcon_core/task/python/colcon_distutils_commands:/home/tsaqip/ros2_ws/src/Arm_Kinematics/install/Arm_Kinematics/lib/python3.10/site-packages:${PYTHONPATH} /usr/bin/python3 -W ignore:setup.py install is deprecated -W ignore:easy_install command is deprecated setup.py egg_info --egg-base build/Arm_Kinematics build --build-base /home/tsaqip/ros2_ws/src/Arm_Kinematics/build/Arm_Kinematics/build install --record /home/tsaqip/ros2_ws/src/Arm_Kinematics/build/Arm_Kinematics/install.log --single-version-externally-managed install_data
[1.126s] Level 1:colcon.colcon_core.environment:checking '/home/tsaqip/ros2_ws/src/Arm_Kinematics/install/Arm_Kinematics' for CMake module files
[1.126s] Level 1:colcon.colcon_core.environment:checking '/home/tsaqip/ros2_ws/src/Arm_Kinematics/install/Arm_Kinematics' for CMake config files
[1.127s] Level 1:colcon.colcon_core.environment:checking '/home/tsaqip/ros2_ws/src/Arm_Kinematics/install/Arm_Kinematics/lib'
[1.127s] Level 1:colcon.colcon_core.environment:checking '/home/tsaqip/ros2_ws/src/Arm_Kinematics/install/Arm_Kinematics/bin'
[1.127s] Level 1:colcon.colcon_core.environment:checking '/home/tsaqip/ros2_ws/src/Arm_Kinematics/install/Arm_Kinematics/lib/pkgconfig/Arm_Kinematics.pc'
[1.127s] Level 1:colcon.colcon_core.environment:checking '/home/tsaqip/ros2_ws/src/Arm_Kinematics/install/Arm_Kinematics/lib/python3.10/site-packages'
[1.127s] Level 1:colcon.colcon_core.shell:create_environment_hook('Arm_Kinematics', 'pythonpath')
[1.128s] INFO:colcon.colcon_core.shell:Creating environment hook '/home/tsaqip/ros2_ws/src/Arm_Kinematics/install/Arm_Kinematics/share/Arm_Kinematics/hook/pythonpath.ps1'
[1.128s] INFO:colcon.colcon_core.shell:Creating environment descriptor '/home/tsaqip/ros2_ws/src/Arm_Kinematics/install/Arm_Kinematics/share/Arm_Kinematics/hook/pythonpath.dsv'
[1.128s] INFO:colcon.colcon_core.shell:Creating environment hook '/home/tsaqip/ros2_ws/src/Arm_Kinematics/install/Arm_Kinematics/share/Arm_Kinematics/hook/pythonpath.sh'
[1.129s] Level 1:colcon.colcon_core.environment:checking '/home/tsaqip/ros2_ws/src/Arm_Kinematics/install/Arm_Kinematics/bin'
[1.129s] Level 1:colcon.colcon_core.environment:create_environment_scripts_only(Arm_Kinematics)
[1.129s] INFO:colcon.colcon_core.shell:Creating package script '/home/tsaqip/ros2_ws/src/Arm_Kinematics/install/Arm_Kinematics/share/Arm_Kinematics/package.ps1'
[1.130s] INFO:colcon.colcon_core.shell:Creating package descriptor '/home/tsaqip/ros2_ws/src/Arm_Kinematics/install/Arm_Kinematics/share/Arm_Kinematics/package.dsv'
[1.130s] INFO:colcon.colcon_core.shell:Creating package script '/home/tsaqip/ros2_ws/src/Arm_Kinematics/install/Arm_Kinematics/share/Arm_Kinematics/package.sh'
[1.131s] INFO:colcon.colcon_core.shell:Creating package script '/home/tsaqip/ros2_ws/src/Arm_Kinematics/install/Arm_Kinematics/share/Arm_Kinematics/package.bash'
[1.132s] INFO:colcon.colcon_core.shell:Creating package script '/home/tsaqip/ros2_ws/src/Arm_Kinematics/install/Arm_Kinematics/share/Arm_Kinematics/package.zsh'
[1.132s] Level 1:colcon.colcon_core.environment:create_file_with_runtime_dependencies(/home/tsaqip/ros2_ws/src/Arm_Kinematics/install/Arm_Kinematics/share/colcon-core/packages/Arm_Kinematics)
[1.133s] DEBUG:colcon.colcon_parallel_executor.executor.parallel:closing loop
[1.133s] DEBUG:colcon.colcon_parallel_executor.executor.parallel:loop closed
[1.133s] DEBUG:colcon.colcon_parallel_executor.executor.parallel:run_until_complete finished with '0'
[1.133s] DEBUG:colcon.colcon_core.event_reactor:joining thread
[1.138s] INFO:colcon.colcon_core.plugin_system:Skipping extension 'colcon_notification.desktop_notification.terminal_notifier': Not used on non-Darwin systems
[1.138s] INFO:colcon.colcon_core.plugin_system:Skipping extension 'colcon_notification.desktop_notification.win32': Not used on non-Windows systems
[1.138s] INFO:colcon.colcon_notification.desktop_notification:Sending desktop notification using 'notify2'
[1.146s] DEBUG:colcon.colcon_core.event_reactor:joined thread
[1.146s] INFO:colcon.colcon_core.shell:Creating prefix script '/home/tsaqip/ros2_ws/src/Arm_Kinematics/install/local_setup.ps1'
[1.147s] INFO:colcon.colcon_core.shell:Creating prefix util module '/home/tsaqip/ros2_ws/src/Arm_Kinematics/install/_local_setup_util_ps1.py'
[1.148s] INFO:colcon.colcon_core.shell:Creating prefix chain script '/home/tsaqip/ros2_ws/src/Arm_Kinematics/install/setup.ps1'
[1.149s] INFO:colcon.colcon_core.shell:Creating prefix script '/home/tsaqip/ros2_ws/src/Arm_Kinematics/install/local_setup.sh'
[1.150s] INFO:colcon.colcon_core.shell:Creating prefix util module '/home/tsaqip/ros2_ws/src/Arm_Kinematics/install/_local_setup_util_sh.py'
[1.150s] INFO:colcon.colcon_core.shell:Creating prefix chain script '/home/tsaqip/ros2_ws/src/Arm_Kinematics/install/setup.sh'
[1.151s] INFO:colcon.colcon_core.shell:Creating prefix script '/home/tsaqip/ros2_ws/src/Arm_Kinematics/install/local_setup.bash'
[1.151s] INFO:colcon.colcon_core.shell:Creating prefix chain script '/home/tsaqip/ros2_ws/src/Arm_Kinematics/install/setup.bash'
[1.152s] INFO:colcon.colcon_core.shell:Creating prefix script '/home/tsaqip/ros2_ws/src/Arm_Kinematics/install/local_setup.zsh'
[1.152s] INFO:colcon.colcon_core.shell:Creating prefix chain script '/home/tsaqip/ros2_ws/src/Arm_Kinematics/install/setup.zsh'
